CRITICAL - 2020-04-01 00:54:39 --> syntax error, unexpected 'echo' (T_ECHO), expecting ';'
#0 /var/www/html/yasui/system/Autoloader/Autoloader.php(296): CodeIgniter\Autoloader\Autoloader->requireFile('/var/www/html/y...')
#1 /var/www/html/yasui/system/Autoloader/Autoloader.php(258): CodeIgniter\Autoloader\Autoloader->loadInNamespace('App\\Controllers...')
#2 [internal function]: CodeIgniter\Autoloader\Autoloader->loadClass('App\\Controllers...')
#3 [internal function]: spl_autoload_call('App\\Controllers...')
#4 /var/www/html/yasui/system/CodeIgniter.php(861): class_exists('\\App\\Controller...', true)
#5 /var/www/html/yasui/system/CodeIgniter.php(388): CodeIgniter\CodeIgniter->startController()
#6 /var/www/html/yasui/system/CodeIgniter.php(306): CodeIgniter\CodeIgniter->handleRequest(NULL, Object(Config\Cache), false)
#7 /var/www/html/yasui/index.php(45): CodeIgniter\CodeIgniter->run()
#8 {main}
CRITICAL - 2020-04-01 00:55:44 --> syntax error, unexpected 'echo' (T_ECHO), expecting ';'
#0 /var/www/html/yasui/system/Autoloader/Autoloader.php(296): CodeIgniter\Autoloader\Autoloader->requireFile('/var/www/html/y...')
#1 /var/www/html/yasui/system/Autoloader/Autoloader.php(258): CodeIgniter\Autoloader\Autoloader->loadInNamespace('App\\Controllers...')
#2 [internal function]: CodeIgniter\Autoloader\Autoloader->loadClass('App\\Controllers...')
#3 [internal function]: spl_autoload_call('App\\Controllers...')
#4 /var/www/html/yasui/system/CodeIgniter.php(861): class_exists('\\App\\Controller...', true)
#5 /var/www/html/yasui/system/CodeIgniter.php(388): CodeIgniter\CodeIgniter->startController()
#6 /var/www/html/yasui/system/CodeIgniter.php(306): CodeIgniter\CodeIgniter->handleRequest(NULL, Object(Config\Cache), false)
#7 /var/www/html/yasui/index.php(45): CodeIgniter\CodeIgniter->run()
#8 {main}
CRITICAL - 2020-04-01 22:57:31 --> syntax error, unexpected '}', expecting ';'
#0 /var/www/html/yasui/system/Router/Router.php(192): CodeIgniter\Router\Router->autoRoute('/skin')
#1 /var/www/html/yasui/system/CodeIgniter.php(785): CodeIgniter\Router\Router->handle('/skin')
#2 /var/www/html/yasui/system/CodeIgniter.php(358): CodeIgniter\CodeIgniter->tryToRouteIt(Object(CodeIgniter\Router\RouteCollection))
#3 /var/www/html/yasui/system/CodeIgniter.php(306): CodeIgniter\CodeIgniter->handleRequest(NULL, Object(Config\Cache), false)
#4 /var/www/html/yasui/index.php(45): CodeIgniter\CodeIgniter->run()
#5 {main}
CRITICAL - 2020-04-01 22:57:37 --> Invalid file: {0}
#0 /var/www/html/yasui/system/View/View.php(224): CodeIgniter\Exceptions\FrameworkException::forInvalidFile('.php')
#1 /var/www/html/yasui/system/Common.php(1071): CodeIgniter\View\View->render('', Array, true)
#2 /var/www/html/yasui/app/Controllers/Skin.php(12): view('')
#3 /var/www/html/yasui/system/CodeIgniter.php(910): App\Controllers\Skin->index()
#4 /var/www/html/yasui/system/CodeIgniter.php(398): CodeIgniter\CodeIgniter->runController(Object(App\Controllers\Skin))
#5 /var/www/html/yasui/system/CodeIgniter.php(306): CodeIgniter\CodeIgniter->handleRequest(NULL, Object(Config\Cache), false)
#6 /var/www/html/yasui/index.php(45): CodeIgniter\CodeIgniter->run()
#7 {main}
CRITICAL - 2020-04-01 23:02:15 --> Undefined variable: page
#0 /var/www/html/yasui/app/Views/template.php(1046): CodeIgniter\Debug\Exceptions->errorHandler(8, 'Undefined varia...', '/var/www/html/y...', 1046, Array)
#1 /var/www/html/yasui/system/View/View.php(236): include('/var/www/html/y...')
#2 /var/www/html/yasui/system/Common.php(1071): CodeIgniter\View\View->render('template', Array, true)
#3 /var/www/html/yasui/app/Controllers/Skin.php(12): view('template')
#4 /var/www/html/yasui/system/CodeIgniter.php(910): App\Controllers\Skin->index()
#5 /var/www/html/yasui/system/CodeIgniter.php(398): CodeIgniter\CodeIgniter->runController(Object(App\Controllers\Skin))
#6 /var/www/html/yasui/system/CodeIgniter.php(306): CodeIgniter\CodeIgniter->handleRequest(NULL, Object(Config\Cache), false)
#7 /var/www/html/yasui/index.php(45): CodeIgniter\CodeIgniter->run()
#8 {main}
CRITICAL - 2020-04-01 23:16:46 --> syntax error, unexpected 'return' (T_RETURN)
#0 /var/www/html/yasui/system/Router/Router.php(192): CodeIgniter\Router\Router->autoRoute('/skin')
#1 /var/www/html/yasui/system/CodeIgniter.php(785): CodeIgniter\Router\Router->handle('/skin')
#2 /var/www/html/yasui/system/CodeIgniter.php(358): CodeIgniter\CodeIgniter->tryToRouteIt(Object(CodeIgniter\Router\RouteCollection))
#3 /var/www/html/yasui/system/CodeIgniter.php(306): CodeIgniter\CodeIgniter->handleRequest(NULL, Object(Config\Cache), false)
#4 /var/www/html/yasui/index.php(45): CodeIgniter\CodeIgniter->run()
#5 {main}
CRITICAL - 2020-04-01 23:16:54 --> syntax error, unexpected 'return' (T_RETURN)
#0 /var/www/html/yasui/system/Router/Router.php(192): CodeIgniter\Router\Router->autoRoute('/skin')
#1 /var/www/html/yasui/system/CodeIgniter.php(785): CodeIgniter\Router\Router->handle('/skin')
#2 /var/www/html/yasui/system/CodeIgniter.php(358): CodeIgniter\CodeIgniter->tryToRouteIt(Object(CodeIgniter\Router\RouteCollection))
#3 /var/www/html/yasui/system/CodeIgniter.php(306): CodeIgniter\CodeIgniter->handleRequest(NULL, Object(Config\Cache), false)
#4 /var/www/html/yasui/index.php(45): CodeIgniter\CodeIgniter->run()
#5 {main}
