CRITICAL - 2020-05-08 07:57:22 --> Undefined variable: tambah
#0 /var/www/html/homework/app/Views/template.php(1039): CodeIgniter\Debug\Exceptions->errorHandler(8, 'Undefined varia...', '/var/www/html/h...', 1039, Array)
#1 /var/www/html/homework/system/View/View.php(236): include('/var/www/html/h...')
#2 /var/www/html/homework/system/Common.php(1071): CodeIgniter\View\View->render('template', Array, true)
#3 /var/www/html/homework/app/Controllers/Home.php(17): view('template', Array)
#4 /var/www/html/homework/system/CodeIgniter.php(910): App\Controllers\Home->index()
#5 /var/www/html/homework/system/CodeIgniter.php(398): CodeIgniter\CodeIgniter->runController(Object(App\Controllers\Home))
#6 /var/www/html/homework/system/CodeIgniter.php(306): CodeIgniter\CodeIgniter->handleRequest(NULL, Object(Config\Cache), false)
#7 /var/www/html/homework/index.php(45): CodeIgniter\CodeIgniter->run()
#8 {main}
CRITICAL - 2020-05-08 07:57:28 --> Undefined variable: tambah
#0 /var/www/html/homework/app/Views/template.php(1039): CodeIgniter\Debug\Exceptions->errorHandler(8, 'Undefined varia...', '/var/www/html/h...', 1039, Array)
#1 /var/www/html/homework/system/View/View.php(236): include('/var/www/html/h...')
#2 /var/www/html/homework/system/Common.php(1071): CodeIgniter\View\View->render('template', Array, true)
#3 /var/www/html/homework/app/Controllers/Home.php(17): view('template', Array)
#4 /var/www/html/homework/system/CodeIgniter.php(910): App\Controllers\Home->index()
#5 /var/www/html/homework/system/CodeIgniter.php(398): CodeIgniter\CodeIgniter->runController(Object(App\Controllers\Home))
#6 /var/www/html/homework/system/CodeIgniter.php(306): CodeIgniter\CodeIgniter->handleRequest(NULL, Object(Config\Cache), false)
#7 /var/www/html/homework/index.php(45): CodeIgniter\CodeIgniter->run()
#8 {main}
CRITICAL - 2020-05-08 07:57:47 --> Undefined variable: tambah
#0 /var/www/html/homework/app/Views/template.php(1039): CodeIgniter\Debug\Exceptions->errorHandler(8, 'Undefined varia...', '/var/www/html/h...', 1039, Array)
#1 /var/www/html/homework/system/View/View.php(236): include('/var/www/html/h...')
#2 /var/www/html/homework/system/Common.php(1071): CodeIgniter\View\View->render('template', Array, true)
#3 /var/www/html/homework/app/Controllers/Home.php(17): view('template', Array)
#4 /var/www/html/homework/system/CodeIgniter.php(910): App\Controllers\Home->index()
#5 /var/www/html/homework/system/CodeIgniter.php(398): CodeIgniter\CodeIgniter->runController(Object(App\Controllers\Home))
#6 /var/www/html/homework/system/CodeIgniter.php(306): CodeIgniter\CodeIgniter->handleRequest(NULL, Object(Config\Cache), false)
#7 /var/www/html/homework/index.php(45): CodeIgniter\CodeIgniter->run()
#8 {main}
CRITICAL - 2020-05-08 07:58:22 --> Undefined variable: tambah
#0 /var/www/html/homework/app/Views/template.php(1039): CodeIgniter\Debug\Exceptions->errorHandler(8, 'Undefined varia...', '/var/www/html/h...', 1039, Array)
#1 /var/www/html/homework/system/View/View.php(236): include('/var/www/html/h...')
#2 /var/www/html/homework/system/Common.php(1071): CodeIgniter\View\View->render('template', Array, true)
#3 /var/www/html/homework/app/Controllers/Home.php(17): view('template', Array)
#4 /var/www/html/homework/system/CodeIgniter.php(910): App\Controllers\Home->index()
#5 /var/www/html/homework/system/CodeIgniter.php(398): CodeIgniter\CodeIgniter->runController(Object(App\Controllers\Home))
#6 /var/www/html/homework/system/CodeIgniter.php(306): CodeIgniter\CodeIgniter->handleRequest(NULL, Object(Config\Cache), false)
#7 /var/www/html/homework/index.php(45): CodeIgniter\CodeIgniter->run()
#8 {main}
CRITICAL - 2020-05-08 07:58:30 --> Undefined variable: tambah
#0 /var/www/html/homework/app/Views/template.php(1039): CodeIgniter\Debug\Exceptions->errorHandler(8, 'Undefined varia...', '/var/www/html/h...', 1039, Array)
#1 /var/www/html/homework/system/View/View.php(236): include('/var/www/html/h...')
#2 /var/www/html/homework/system/Common.php(1071): CodeIgniter\View\View->render('template', Array, true)
#3 /var/www/html/homework/app/Controllers/Home.php(17): view('template', Array)
#4 /var/www/html/homework/system/CodeIgniter.php(910): App\Controllers\Home->index()
#5 /var/www/html/homework/system/CodeIgniter.php(398): CodeIgniter\CodeIgniter->runController(Object(App\Controllers\Home))
#6 /var/www/html/homework/system/CodeIgniter.php(306): CodeIgniter\CodeIgniter->handleRequest(NULL, Object(Config\Cache), false)
#7 /var/www/html/homework/index.php(45): CodeIgniter\CodeIgniter->run()
#8 {main}
CRITICAL - 2020-05-08 07:58:57 --> Undefined variable: tambah
#0 /var/www/html/homework/app/Views/template.php(1039): CodeIgniter\Debug\Exceptions->errorHandler(8, 'Undefined varia...', '/var/www/html/h...', 1039, Array)
#1 /var/www/html/homework/system/View/View.php(236): include('/var/www/html/h...')
#2 /var/www/html/homework/system/Common.php(1071): CodeIgniter\View\View->render('template', Array, true)
#3 /var/www/html/homework/app/Controllers/Home.php(17): view('template', Array)
#4 /var/www/html/homework/system/CodeIgniter.php(910): App\Controllers\Home->index()
#5 /var/www/html/homework/system/CodeIgniter.php(398): CodeIgniter\CodeIgniter->runController(Object(App\Controllers\Home))
#6 /var/www/html/homework/system/CodeIgniter.php(306): CodeIgniter\CodeIgniter->handleRequest(NULL, Object(Config\Cache), false)
#7 /var/www/html/homework/index.php(45): CodeIgniter\CodeIgniter->run()
#8 {main}
CRITICAL - 2020-05-08 08:00:27 --> Undefined variable: tambah
#0 /var/www/html/homework/app/Views/template.php(1039): CodeIgniter\Debug\Exceptions->errorHandler(8, 'Undefined varia...', '/var/www/html/h...', 1039, Array)
#1 /var/www/html/homework/system/View/View.php(236): include('/var/www/html/h...')
#2 /var/www/html/homework/system/Common.php(1071): CodeIgniter\View\View->render('template', Array, true)
#3 /var/www/html/homework/app/Controllers/Home.php(17): view('template', Array)
#4 /var/www/html/homework/system/CodeIgniter.php(910): App\Controllers\Home->index()
#5 /var/www/html/homework/system/CodeIgniter.php(398): CodeIgniter\CodeIgniter->runController(Object(App\Controllers\Home))
#6 /var/www/html/homework/system/CodeIgniter.php(306): CodeIgniter\CodeIgniter->handleRequest(NULL, Object(Config\Cache), false)
#7 /var/www/html/homework/index.php(45): CodeIgniter\CodeIgniter->run()
#8 {main}
CRITICAL - 2020-05-08 08:01:48 --> Undefined variable: tambah
#0 /var/www/html/homework/app/Views/template.php(1039): CodeIgniter\Debug\Exceptions->errorHandler(8, 'Undefined varia...', '/var/www/html/h...', 1039, Array)
#1 /var/www/html/homework/system/View/View.php(236): include('/var/www/html/h...')
#2 /var/www/html/homework/system/Common.php(1071): CodeIgniter\View\View->render('template', Array, true)
#3 /var/www/html/homework/app/Controllers/Home.php(17): view('template', Array)
#4 /var/www/html/homework/system/CodeIgniter.php(910): App\Controllers\Home->index()
#5 /var/www/html/homework/system/CodeIgniter.php(398): CodeIgniter\CodeIgniter->runController(Object(App\Controllers\Home))
#6 /var/www/html/homework/system/CodeIgniter.php(306): CodeIgniter\CodeIgniter->handleRequest(NULL, Object(Config\Cache), false)
#7 /var/www/html/homework/index.php(45): CodeIgniter\CodeIgniter->run()
#8 {main}
CRITICAL - 2020-05-08 08:01:59 --> Undefined variable: tambah
#0 /var/www/html/homework/app/Views/template.php(1039): CodeIgniter\Debug\Exceptions->errorHandler(8, 'Undefined varia...', '/var/www/html/h...', 1039, Array)
#1 /var/www/html/homework/system/View/View.php(236): include('/var/www/html/h...')
#2 /var/www/html/homework/system/Common.php(1071): CodeIgniter\View\View->render('template', Array, true)
#3 /var/www/html/homework/app/Controllers/Home.php(17): view('template', Array)
#4 /var/www/html/homework/system/CodeIgniter.php(910): App\Controllers\Home->index()
#5 /var/www/html/homework/system/CodeIgniter.php(398): CodeIgniter\CodeIgniter->runController(Object(App\Controllers\Home))
#6 /var/www/html/homework/system/CodeIgniter.php(306): CodeIgniter\CodeIgniter->handleRequest(NULL, Object(Config\Cache), false)
#7 /var/www/html/homework/index.php(45): CodeIgniter\CodeIgniter->run()
#8 {main}
CRITICAL - 2020-05-08 08:02:00 --> Undefined variable: tambah
#0 /var/www/html/homework/app/Views/template.php(1039): CodeIgniter\Debug\Exceptions->errorHandler(8, 'Undefined varia...', '/var/www/html/h...', 1039, Array)
#1 /var/www/html/homework/system/View/View.php(236): include('/var/www/html/h...')
#2 /var/www/html/homework/system/Common.php(1071): CodeIgniter\View\View->render('template', Array, true)
#3 /var/www/html/homework/app/Controllers/Home.php(17): view('template', Array)
#4 /var/www/html/homework/system/CodeIgniter.php(910): App\Controllers\Home->index()
#5 /var/www/html/homework/system/CodeIgniter.php(398): CodeIgniter\CodeIgniter->runController(Object(App\Controllers\Home))
#6 /var/www/html/homework/system/CodeIgniter.php(306): CodeIgniter\CodeIgniter->handleRequest(NULL, Object(Config\Cache), false)
#7 /var/www/html/homework/index.php(45): CodeIgniter\CodeIgniter->run()
#8 {main}
CRITICAL - 2020-05-08 08:02:00 --> Undefined variable: tambah
#0 /var/www/html/homework/app/Views/template.php(1039): CodeIgniter\Debug\Exceptions->errorHandler(8, 'Undefined varia...', '/var/www/html/h...', 1039, Array)
#1 /var/www/html/homework/system/View/View.php(236): include('/var/www/html/h...')
#2 /var/www/html/homework/system/Common.php(1071): CodeIgniter\View\View->render('template', Array, true)
#3 /var/www/html/homework/app/Controllers/Home.php(17): view('template', Array)
#4 /var/www/html/homework/system/CodeIgniter.php(910): App\Controllers\Home->index()
#5 /var/www/html/homework/system/CodeIgniter.php(398): CodeIgniter\CodeIgniter->runController(Object(App\Controllers\Home))
#6 /var/www/html/homework/system/CodeIgniter.php(306): CodeIgniter\CodeIgniter->handleRequest(NULL, Object(Config\Cache), false)
#7 /var/www/html/homework/index.php(45): CodeIgniter\CodeIgniter->run()
#8 {main}
CRITICAL - 2020-05-08 08:02:00 --> Undefined variable: tambah
#0 /var/www/html/homework/app/Views/template.php(1039): CodeIgniter\Debug\Exceptions->errorHandler(8, 'Undefined varia...', '/var/www/html/h...', 1039, Array)
#1 /var/www/html/homework/system/View/View.php(236): include('/var/www/html/h...')
#2 /var/www/html/homework/system/Common.php(1071): CodeIgniter\View\View->render('template', Array, true)
#3 /var/www/html/homework/app/Controllers/Home.php(17): view('template', Array)
#4 /var/www/html/homework/system/CodeIgniter.php(910): App\Controllers\Home->index()
#5 /var/www/html/homework/system/CodeIgniter.php(398): CodeIgniter\CodeIgniter->runController(Object(App\Controllers\Home))
#6 /var/www/html/homework/system/CodeIgniter.php(306): CodeIgniter\CodeIgniter->handleRequest(NULL, Object(Config\Cache), false)
#7 /var/www/html/homework/index.php(45): CodeIgniter\CodeIgniter->run()
#8 {main}
CRITICAL - 2020-05-08 08:02:01 --> Undefined variable: tambah
#0 /var/www/html/homework/app/Views/template.php(1039): CodeIgniter\Debug\Exceptions->errorHandler(8, 'Undefined varia...', '/var/www/html/h...', 1039, Array)
#1 /var/www/html/homework/system/View/View.php(236): include('/var/www/html/h...')
#2 /var/www/html/homework/system/Common.php(1071): CodeIgniter\View\View->render('template', Array, true)
#3 /var/www/html/homework/app/Controllers/Home.php(17): view('template', Array)
#4 /var/www/html/homework/system/CodeIgniter.php(910): App\Controllers\Home->index()
#5 /var/www/html/homework/system/CodeIgniter.php(398): CodeIgniter\CodeIgniter->runController(Object(App\Controllers\Home))
#6 /var/www/html/homework/system/CodeIgniter.php(306): CodeIgniter\CodeIgniter->handleRequest(NULL, Object(Config\Cache), false)
#7 /var/www/html/homework/index.php(45): CodeIgniter\CodeIgniter->run()
#8 {main}
CRITICAL - 2020-05-08 08:02:12 --> Undefined variable: tambah
#0 /var/www/html/homework/app/Views/template.php(1039): CodeIgniter\Debug\Exceptions->errorHandler(8, 'Undefined varia...', '/var/www/html/h...', 1039, Array)
#1 /var/www/html/homework/system/View/View.php(236): include('/var/www/html/h...')
#2 /var/www/html/homework/system/Common.php(1071): CodeIgniter\View\View->render('template', Array, true)
#3 /var/www/html/homework/app/Controllers/Home.php(17): view('template', Array)
#4 /var/www/html/homework/system/CodeIgniter.php(910): App\Controllers\Home->index()
#5 /var/www/html/homework/system/CodeIgniter.php(398): CodeIgniter\CodeIgniter->runController(Object(App\Controllers\Home))
#6 /var/www/html/homework/system/CodeIgniter.php(306): CodeIgniter\CodeIgniter->handleRequest(NULL, Object(Config\Cache), false)
#7 /var/www/html/homework/index.php(45): CodeIgniter\CodeIgniter->run()
#8 {main}
CRITICAL - 2020-05-08 08:09:11 --> Argument 1 passed to CodeIgniter\Database\MySQLi\Connection::_escapeString() must be of the type string, null given, called in /var/www/html/homework/system/Database/BaseConnection.php on line 1429
#0 /var/www/html/homework/system/Database/BaseConnection.php(1429): CodeIgniter\Database\MySQLi\Connection->_escapeString(NULL)
#1 /var/www/html/homework/app/Controllers/Tugas.php(31): CodeIgniter\Database\BaseConnection->escapeString(NULL)
#2 /var/www/html/homework/system/CodeIgniter.php(910): App\Controllers\Tugas->tambah()
#3 /var/www/html/homework/system/CodeIgniter.php(398): CodeIgniter\CodeIgniter->runController(Object(App\Controllers\Tugas))
#4 /var/www/html/homework/system/CodeIgniter.php(306): CodeIgniter\CodeIgniter->handleRequest(NULL, Object(Config\Cache), false)
#5 /var/www/html/homework/index.php(45): CodeIgniter\CodeIgniter->run()
#6 {main}
CRITICAL - 2020-05-08 08:09:45 --> Argument 1 passed to CodeIgniter\Database\MySQLi\Connection::_escapeString() must be of the type string, null given, called in /var/www/html/homework/system/Database/BaseConnection.php on line 1429
#0 /var/www/html/homework/system/Database/BaseConnection.php(1429): CodeIgniter\Database\MySQLi\Connection->_escapeString(NULL)
#1 /var/www/html/homework/app/Controllers/Tugas.php(31): CodeIgniter\Database\BaseConnection->escapeString(NULL)
#2 /var/www/html/homework/system/CodeIgniter.php(910): App\Controllers\Tugas->tambah()
#3 /var/www/html/homework/system/CodeIgniter.php(398): CodeIgniter\CodeIgniter->runController(Object(App\Controllers\Tugas))
#4 /var/www/html/homework/system/CodeIgniter.php(306): CodeIgniter\CodeIgniter->handleRequest(NULL, Object(Config\Cache), false)
#5 /var/www/html/homework/index.php(45): CodeIgniter\CodeIgniter->run()
#6 {main}
CRITICAL - 2020-05-08 08:09:52 --> Argument 1 passed to CodeIgniter\Database\MySQLi\Connection::_escapeString() must be of the type string, null given, called in /var/www/html/homework/system/Database/BaseConnection.php on line 1429
#0 /var/www/html/homework/system/Database/BaseConnection.php(1429): CodeIgniter\Database\MySQLi\Connection->_escapeString(NULL)
#1 /var/www/html/homework/app/Controllers/Tugas.php(31): CodeIgniter\Database\BaseConnection->escapeString(NULL)
#2 /var/www/html/homework/system/CodeIgniter.php(910): App\Controllers\Tugas->tambah()
#3 /var/www/html/homework/system/CodeIgniter.php(398): CodeIgniter\CodeIgniter->runController(Object(App\Controllers\Tugas))
#4 /var/www/html/homework/system/CodeIgniter.php(306): CodeIgniter\CodeIgniter->handleRequest(NULL, Object(Config\Cache), false)
#5 /var/www/html/homework/index.php(45): CodeIgniter\CodeIgniter->run()
#6 {main}
CRITICAL - 2020-05-08 08:21:51 --> You have an error in your SQL syntax; check the manual that corresponds to your MySQL server version for the right syntax to use near '*
FROM `tugas` `a`
JOIN `makul` `b` ON `a`.`id_makul` = `b`.`id`
JOIN `users` `c' at line 1
#0 /var/www/html/homework/system/Database/MySQLi/Connection.php(330): mysqli->query('SELECT `a`.`id`...')
#1 /var/www/html/homework/system/Database/BaseConnection.php(738): CodeIgniter\Database\MySQLi\Connection->execute('SELECT `a`.`id`...')
#2 /var/www/html/homework/system/Database/BaseConnection.php(666): CodeIgniter\Database\BaseConnection->simpleQuery('SELECT `a`.`id`...')
#3 /var/www/html/homework/system/Database/BaseBuilder.php(1819): CodeIgniter\Database\BaseConnection->query('SELECT `a`.`id`...', Array, false)
#4 /var/www/html/homework/app/Controllers/Tugas.php(20): CodeIgniter\Database\BaseBuilder->get()
#5 /var/www/html/homework/system/CodeIgniter.php(910): App\Controllers\Tugas->index()
#6 /var/www/html/homework/system/CodeIgniter.php(398): CodeIgniter\CodeIgniter->runController(Object(App\Controllers\Tugas))
#7 /var/www/html/homework/system/CodeIgniter.php(306): CodeIgniter\CodeIgniter->handleRequest(NULL, Object(Config\Cache), false)
#8 /var/www/html/homework/index.php(45): CodeIgniter\CodeIgniter->run()
#9 {main}
